{"E:\\dev\\Swim_Dashboard\\lib\\access.ts": {"path":"E:\\dev\\Swim_Dashboard\\lib\\access.ts","statementMap":{"0":{"start":{"line":5,"column":0},"end":{"line":5,"column":16}},"1":{"start":{"line":16,"column":0},"end":{"line":16,"column":16}},"2":{"start":{"line":30,"column":0},"end":{"line":30,"column":16}},"3":{"start":{"line":42,"column":0},"end":{"line":42,"column":16}},"4":{"start":{"line":6,"column":2},"end":{"line":6,"column":30}},"5":{"start":{"line":6,"column":13},"end":{"line":6,"column":30}},"6":{"start":{"line":7,"column":2},"end":{"line":9,"column":3}},"7":{"start":{"line":8,"column":4},"end":{"line":8,"column":41}},"8":{"start":{"line":10,"column":2},"end":{"line":12,"column":3}},"9":{"start":{"line":11,"column":4},"end":{"line":11,"column":37}},"10":{"start":{"line":13,"column":2},"end":{"line":13,"column":19}},"11":{"start":{"line":17,"column":2},"end":{"line":19,"column":3}},"12":{"start":{"line":18,"column":4},"end":{"line":18,"column":25}},"13":{"start":{"line":20,"column":2},"end":{"line":20,"column":30}},"14":{"start":{"line":20,"column":13},"end":{"line":20,"column":30}},"15":{"start":{"line":21,"column":2},"end":{"line":23,"column":3}},"16":{"start":{"line":22,"column":4},"end":{"line":22,"column":41}},"17":{"start":{"line":24,"column":2},"end":{"line":26,"column":3}},"18":{"start":{"line":25,"column":4},"end":{"line":25,"column":14}},"19":{"start":{"line":27,"column":2},"end":{"line":27,"column":19}},"20":{"start":{"line":31,"column":2},"end":{"line":31,"column":26}},"21":{"start":{"line":31,"column":13},"end":{"line":31,"column":26}},"22":{"start":{"line":32,"column":2},"end":{"line":34,"column":3}},"23":{"start":{"line":33,"column":4},"end":{"line":33,"column":40}},"24":{"start":{"line":36,"column":2},"end":{"line":38,"column":3}},"25":{"start":{"line":37,"column":4},"end":{"line":37,"column":16}},"26":{"start":{"line":39,"column":2},"end":{"line":39,"column":15}},"27":{"start":{"line":43,"column":2},"end":{"line":43,"column":40}},"28":{"start":{"line":43,"column":24},"end":{"line":43,"column":40}},"29":{"start":{"line":44,"column":2},"end":{"line":44,"column":50}}},"fnMap":{"0":{"name":"getSwimmerListOptions","decl":{"start":{"line":5,"column":16},"end":{"line":5,"column":37}},"loc":{"start":{"line":5,"column":59},"end":{"line":14,"column":1}}},"1":{"name":"getSessionFilters","decl":{"start":{"line":16,"column":16},"end":{"line":16,"column":33}},"loc":{"start":{"line":16,"column":75},"end":{"line":28,"column":1}}},"2":{"name":"canAccessSwimmer","decl":{"start":{"line":30,"column":16},"end":{"line":30,"column":32}},"loc":{"start":{"line":30,"column":73},"end":{"line":40,"column":1}}},"3":{"name":"homePathForRole","decl":{"start":{"line":42,"column":16},"end":{"line":42,"column":31}},"loc":{"start":{"line":42,"column":54},"end":{"line":45,"column":1}}}},"branchMap":{"0":{"loc":{"start":{"line":6,"column":2},"end":{"line":6,"column":30}},"type":"if","locations":[{"start":{"line":6,"column":2},"end":{"line":6,"column":30}},{"start":{},"end":{}}]},"1":{"loc":{"start":{"line":7,"column":2},"end":{"line":9,"column":3}},"type":"if","locations":[{"start":{"line":7,"column":2},"end":{"line":9,"column":3}},{"start":{},"end":{}}]},"2":{"loc":{"start":{"line":7,"column":6},"end":{"line":7,"column":47}},"type":"binary-expr","locations":[{"start":{"line":7,"column":6},"end":{"line":7,"column":29}},{"start":{"line":7,"column":33},"end":{"line":7,"column":47}}]},"3":{"loc":{"start":{"line":10,"column":2},"end":{"line":12,"column":3}},"type":"if","locations":[{"start":{"line":10,"column":2},"end":{"line":12,"column":3}},{"start":{},"end":{}}]},"4":{"loc":{"start":{"line":10,"column":6},"end":{"line":10,"column":43}},"type":"binary-expr","locations":[{"start":{"line":10,"column":6},"end":{"line":10,"column":27}},{"start":{"line":10,"column":31},"end":{"line":10,"column":43}}]},"5":{"loc":{"start":{"line":17,"column":2},"end":{"line":19,"column":3}},"type":"if","locations":[{"start":{"line":17,"column":2},"end":{"line":19,"column":3}},{"start":{},"end":{}}]},"6":{"loc":{"start":{"line":20,"column":2},"end":{"line":20,"column":30}},"type":"if","locations":[{"start":{"line":20,"column":2},"end":{"line":20,"column":30}},{"start":{},"end":{}}]},"7":{"loc":{"start":{"line":21,"column":2},"end":{"line":23,"column":3}},"type":"if","locations":[{"start":{"line":21,"column":2},"end":{"line":23,"column":3}},{"start":{},"end":{}}]},"8":{"loc":{"start":{"line":21,"column":6},"end":{"line":21,"column":47}},"type":"binary-expr","locations":[{"start":{"line":21,"column":6},"end":{"line":21,"column":29}},{"start":{"line":21,"column":33},"end":{"line":21,"column":47}}]},"9":{"loc":{"start":{"line":24,"column":2},"end":{"line":26,"column":3}},"type":"if","locations":[{"start":{"line":24,"column":2},"end":{"line":26,"column":3}},{"start":{},"end":{}}]},"10":{"loc":{"start":{"line":31,"column":2},"end":{"line":31,"column":26}},"type":"if","locations":[{"start":{"line":31,"column":2},"end":{"line":31,"column":26}},{"start":{},"end":{}}]},"11":{"loc":{"start":{"line":32,"column":2},"end":{"line":34,"column":3}},"type":"if","locations":[{"start":{"line":32,"column":2},"end":{"line":34,"column":3}},{"start":{},"end":{}}]},"12":{"loc":{"start":{"line":36,"column":2},"end":{"line":38,"column":3}},"type":"if","locations":[{"start":{"line":36,"column":2},"end":{"line":38,"column":3}},{"start":{},"end":{}}]},"13":{"loc":{"start":{"line":43,"column":2},"end":{"line":43,"column":40}},"type":"if","locations":[{"start":{"line":43,"column":2},"end":{"line":43,"column":40}},{"start":{},"end":{}}]},"14":{"loc":{"start":{"line":44,"column":9},"end":{"line":44,"column":49}},"type":"cond-expr","locations":[{"start":{"line":44,"column":28},"end":{"line":44,"column":36}},{"start":{"line":44,"column":39},"end":{"line":44,"column":49}}]}},"s":{"0":2,"1":2,"2":2,"3":2,"4":5,"5":1,"6":4,"7":1,"8":3,"9":2,"10":1,"11":7,"12":1,"13":6,"14":1,"15":5,"16":2,"17":3,"18":2,"19":1,"20":8,"21":2,"22":6,"23":4,"24":2,"25":1,"26":1,"27":6,"28":2,"29":4},"f":{"0":5,"1":7,"2":8,"3":6},"b":{"0":[1,4],"1":[1,3],"2":[4,1],"3":[2,1],"4":[3,2],"5":[1,6],"6":[1,5],"7":[2,3],"8":[5,3],"9":[2,1],"10":[2,6],"11":[4,2],"12":[1,1],"13":[2,4],"14":[2,2]}}
,"E:\\dev\\Swim_Dashboard\\lib\\stroke-scores.ts": {"path":"E:\\dev\\Swim_Dashboard\\lib\\stroke-scores.ts","statementMap":{"0":{"start":{"line":11,"column":0},"end":{"line":11,"column":16}},"1":{"start":{"line":38,"column":0},"end":{"line":38,"column":16}},"2":{"start":{"line":55,"column":0},"end":{"line":55,"column":16}},"3":{"start":{"line":90,"column":0},"end":{"line":90,"column":16}},"4":{"start":{"line":4,"column":13},"end":{"line":8,"column":2}},"5":{"start":{"line":15,"column":2},"end":{"line":35,"column":5}},"6":{"start":{"line":16,"column":27},"end":{"line":24,"column":78}},"7":{"start":{"line":19,"column":10},"end":{"line":22,"column":32}},"8":{"start":{"line":24,"column":22},"end":{"line":24,"column":77}},"9":{"start":{"line":26,"column":19},"end":{"line":26,"column":36}},"10":{"start":{"line":28,"column":4},"end":{"line":34,"column":6}},"11":{"start":{"line":39,"column":2},"end":{"line":41,"column":80}},"12":{"start":{"line":40,"column":19},"end":{"line":40,"column":72}},"13":{"start":{"line":41,"column":20},"end":{"line":41,"column":75}},"14":{"start":{"line":59,"column":2},"end":{"line":80,"column":39}},"15":{"start":{"line":60,"column":17},"end":{"line":68,"column":71}},"16":{"start":{"line":63,"column":10},"end":{"line":66,"column":32}},"17":{"start":{"line":68,"column":22},"end":{"line":68,"column":68}},"18":{"start":{"line":70,"column":4},"end":{"line":70,"column":27}},"19":{"start":{"line":70,"column":15},"end":{"line":70,"column":27}},"20":{"start":{"line":71,"column":4},"end":{"line":79,"column":6}},"21":{"start":{"line":94,"column":14},"end":{"line":94,"column":24}},"22":{"start":{"line":95,"column":15},"end":{"line":95,"column":32}},"23":{"start":{"line":96,"column":16},"end":{"line":96,"column":30}},"24":{"start":{"line":98,"column":24},"end":{"line":102,"column":4}},"25":{"start":{"line":99,"column":4},"end":{"line":99,"column":102}},"26":{"start":{"line":99,"column":89},"end":{"line":99,"column":102}},"27":{"start":{"line":100,"column":14},"end":{"line":100,"column":30}},"28":{"start":{"line":101,"column":4},"end":{"line":101,"column":62}},"29":{"start":{"line":104,"column":2},"end":{"line":113,"column":44}},"30":{"start":{"line":105,"column":21},"end":{"line":105,"column":77}},"31":{"start":{"line":105,"column":49},"end":{"line":105,"column":76}},"32":{"start":{"line":106,"column":4},"end":{"line":106,"column":43}},"33":{"start":{"line":106,"column":31},"end":{"line":106,"column":43}},"34":{"start":{"line":107,"column":18},"end":{"line":107,"column":77}},"35":{"start":{"line":107,"column":46},"end":{"line":107,"column":75}},"36":{"start":{"line":108,"column":4},"end":{"line":112,"column":6}}},"fnMap":{"0":{"name":"getStrokeScoresForSwimmer","decl":{"start":{"line":11,"column":16},"end":{"line":11,"column":41}},"loc":{"start":{"line":13,"column":24},"end":{"line":36,"column":1}}},"1":{"name":"(anonymous_1)","decl":{"start":{"line":15,"column":29},"end":{"line":15,"column":30}},"loc":{"start":{"line":15,"column":44},"end":{"line":35,"column":3}}},"2":{"name":"(anonymous_2)","decl":{"start":{"line":18,"column":8},"end":{"line":18,"column":9}},"loc":{"start":{"line":19,"column":10},"end":{"line":22,"column":32}}},"3":{"name":"(anonymous_3)","decl":{"start":{"line":24,"column":12},"end":{"line":24,"column":13}},"loc":{"start":{"line":24,"column":22},"end":{"line":24,"column":77}}},"4":{"name":"getLastSessionForSwimmer","decl":{"start":{"line":38,"column":16},"end":{"line":38,"column":40}},"loc":{"start":{"line":38,"column":82},"end":{"line":42,"column":1}}},"5":{"name":"(anonymous_5)","decl":{"start":{"line":40,"column":12},"end":{"line":40,"column":13}},"loc":{"start":{"line":40,"column":19},"end":{"line":40,"column":72}}},"6":{"name":"(anonymous_6)","decl":{"start":{"line":41,"column":10},"end":{"line":41,"column":11}},"loc":{"start":{"line":41,"column":20},"end":{"line":41,"column":75}}},"7":{"name":"getPersonalBestPerStroke","decl":{"start":{"line":55,"column":16},"end":{"line":55,"column":40}},"loc":{"start":{"line":57,"column":24},"end":{"line":81,"column":1}}},"8":{"name":"(anonymous_8)","decl":{"start":{"line":59,"column":29},"end":{"line":59,"column":30}},"loc":{"start":{"line":59,"column":44},"end":{"line":80,"column":3}}},"9":{"name":"(anonymous_9)","decl":{"start":{"line":62,"column":8},"end":{"line":62,"column":9}},"loc":{"start":{"line":63,"column":10},"end":{"line":66,"column":32}}},"10":{"name":"(anonymous_10)","decl":{"start":{"line":68,"column":12},"end":{"line":68,"column":13}},"loc":{"start":{"line":68,"column":21},"end":{"line":68,"column":68}}},"11":{"name":"getMonthlyStrokeStats","decl":{"start":{"line":90,"column":16},"end":{"line":90,"column":37}},"loc":{"start":{"line":92,"column":24},"end":{"line":114,"column":1}}},"12":{"name":"(anonymous_12)","decl":{"start":{"line":98,"column":43},"end":{"line":98,"column":44}},"loc":{"start":{"line":98,"column":49},"end":{"line":102,"column":3}}},"13":{"name":"(anonymous_13)","decl":{"start":{"line":104,"column":29},"end":{"line":104,"column":30}},"loc":{"start":{"line":104,"column":44},"end":{"line":113,"column":3}}},"14":{"name":"(anonymous_14)","decl":{"start":{"line":105,"column":42},"end":{"line":105,"column":43}},"loc":{"start":{"line":105,"column":49},"end":{"line":105,"column":76}}},"15":{"name":"(anonymous_15)","decl":{"start":{"line":107,"column":34},"end":{"line":107,"column":35}},"loc":{"start":{"line":107,"column":45},"end":{"line":107,"column":75}}}},"branchMap":{"0":{"loc":{"start":{"line":19,"column":10},"end":{"line":22,"column":32}},"type":"binary-expr","locations":[{"start":{"line":19,"column":10},"end":{"line":19,"column":35}},{"start":{"line":20,"column":10},"end":{"line":20,"column":37}},{"start":{"line":21,"column":10},"end":{"line":21,"column":34}},{"start":{"line":22,"column":10},"end":{"line":22,"column":32}}]},"1":{"loc":{"start":{"line":30,"column":20},"end":{"line":30,"column":45}},"type":"cond-expr","locations":[{"start":{"line":30,"column":40},"end":{"line":30,"column":44}},{"start":{"line":30,"column":44},"end":{"line":30,"column":45}}]},"2":{"loc":{"start":{"line":30,"column":20},"end":{"line":30,"column":44}},"type":"binary-expr","locations":[{"start":{"line":30,"column":20},"end":{"line":30,"column":44}},{"start":{"line":30,"column":40},"end":{"line":30,"column":44}}]},"3":{"loc":{"start":{"line":30,"column":20},"end":{"line":30,"column":40}},"type":"cond-expr","locations":[{"start":{"line":30,"column":26},"end":{"line":30,"column":28}},{"start":{"line":30,"column":20},"end":{"line":30,"column":40}}]},"4":{"loc":{"start":{"line":30,"column":20},"end":{"line":30,"column":28}},"type":"binary-expr","locations":[{"start":{"line":30,"column":20},"end":{"line":30,"column":28}},{"start":{"line":30,"column":20},"end":{"line":30,"column":28}}]},"5":{"loc":{"start":{"line":31,"column":18},"end":{"line":31,"column":36}},"type":"cond-expr","locations":[{"start":{"line":31,"column":24},"end":{"line":31,"column":26}},{"start":{"line":31,"column":18},"end":{"line":31,"column":36}}]},"6":{"loc":{"start":{"line":31,"column":18},"end":{"line":31,"column":26}},"type":"binary-expr","locations":[{"start":{"line":31,"column":18},"end":{"line":31,"column":26}},{"start":{"line":31,"column":18},"end":{"line":31,"column":26}}]},"7":{"loc":{"start":{"line":32,"column":21},"end":{"line":32,"column":31}},"type":"cond-expr","locations":[{"start":{"line":32,"column":27},"end":{"line":32,"column":29}},{"start":{"line":32,"column":21},"end":{"line":32,"column":31}}]},"8":{"loc":{"start":{"line":32,"column":21},"end":{"line":32,"column":29}},"type":"binary-expr","locations":[{"start":{"line":32,"column":21},"end":{"line":32,"column":29}},{"start":{"line":32,"column":21},"end":{"line":32,"column":29}}]},"9":{"loc":{"start":{"line":33,"column":23},"end":{"line":33,"column":35}},"type":"cond-expr","locations":[{"start":{"line":33,"column":29},"end":{"line":33,"column":31}},{"start":{"line":33,"column":23},"end":{"line":33,"column":35}}]},"10":{"loc":{"start":{"line":33,"column":23},"end":{"line":33,"column":31}},"type":"binary-expr","locations":[{"start":{"line":33,"column":23},"end":{"line":33,"column":31}},{"start":{"line":33,"column":23},"end":{"line":33,"column":31}}]},"11":{"loc":{"start":{"line":40,"column":19},"end":{"line":40,"column":72}},"type":"binary-expr","locations":[{"start":{"line":40,"column":19},"end":{"line":40,"column":44}},{"start":{"line":40,"column":48},"end":{"line":40,"column":72}}]},"12":{"loc":{"start":{"line":63,"column":10},"end":{"line":66,"column":32}},"type":"binary-expr","locations":[{"start":{"line":63,"column":10},"end":{"line":63,"column":35}},{"start":{"line":64,"column":10},"end":{"line":64,"column":37}},{"start":{"line":65,"column":10},"end":{"line":65,"column":34}},{"start":{"line":66,"column":10},"end":{"line":66,"column":32}}]},"13":{"loc":{"start":{"line":68,"column":23},"end":{"line":68,"column":42}},"type":"cond-expr","locations":[{"start":{"line":68,"column":37},"end":{"line":68,"column":41}},{"start":{"line":68,"column":41},"end":{"line":68,"column":42}}]},"14":{"loc":{"start":{"line":68,"column":23},"end":{"line":68,"column":41}},"type":"binary-expr","locations":[{"start":{"line":68,"column":23},"end":{"line":68,"column":41}},{"start":{"line":68,"column":37},"end":{"line":68,"column":41}}]},"15":{"loc":{"start":{"line":68,"column":47},"end":{"line":68,"column":66}},"type":"cond-expr","locations":[{"start":{"line":68,"column":61},"end":{"line":68,"column":65}},{"start":{"line":68,"column":65},"end":{"line":68,"column":66}}]},"16":{"loc":{"start":{"line":68,"column":47},"end":{"line":68,"column":65}},"type":"binary-expr","locations":[{"start":{"line":68,"column":47},"end":{"line":68,"column":65}},{"start":{"line":68,"column":61},"end":{"line":68,"column":65}}]},"17":{"loc":{"start":{"line":70,"column":4},"end":{"line":70,"column":27}},"type":"if","locations":[{"start":{"line":70,"column":4},"end":{"line":70,"column":27}},{"start":{},"end":{}}]},"18":{"loc":{"start":{"line":99,"column":4},"end":{"line":99,"column":102}},"type":"if","locations":[{"start":{"line":99,"column":4},"end":{"line":99,"column":102}},{"start":{},"end":{}}]},"19":{"loc":{"start":{"line":99,"column":8},"end":{"line":99,"column":87}},"type":"binary-expr","locations":[{"start":{"line":99,"column":8},"end":{"line":99,"column":33}},{"start":{"line":99,"column":37},"end":{"line":99,"column":61}},{"start":{"line":99,"column":65},"end":{"line":99,"column":87}}]},"20":{"loc":{"start":{"line":101,"column":11},"end":{"line":101,"column":61}},"type":"binary-expr","locations":[{"start":{"line":101,"column":11},"end":{"line":101,"column":35}},{"start":{"line":101,"column":39},"end":{"line":101,"column":61}}]},"21":{"loc":{"start":{"line":106,"column":4},"end":{"line":106,"column":43}},"type":"if","locations":[{"start":{"line":106,"column":4},"end":{"line":106,"column":43}},{"start":{},"end":{}}]},"22":{"loc":{"start":{"line":107,"column":53},"end":{"line":107,"column":72}},"type":"cond-expr","locations":[{"start":{"line":107,"column":67},"end":{"line":107,"column":71}},{"start":{"line":107,"column":71},"end":{"line":107,"column":72}}]},"23":{"loc":{"start":{"line":107,"column":53},"end":{"line":107,"column":71}},"type":"binary-expr","locations":[{"start":{"line":107,"column":53},"end":{"line":107,"column":71}},{"start":{"line":107,"column":67},"end":{"line":107,"column":71}}]}},"s":{"0":2,"1":2,"2":2,"3":2,"4":2,"5":7,"6":21,"7":33,"8":2,"9":21,"10":21,"11":5,"12":10,"13":5,"14":7,"15":21,"16":36,"17":6,"18":21,"19":15,"20":6,"21":5,"22":5,"23":5,"24":5,"25":8,"26":1,"27":7,"28":7,"29":5,"30":15,"31":18,"32":15,"33":11,"34":4,"35":6,"36":4},"f":{"0":7,"1":21,"2":33,"3":2,"4":5,"5":10,"6":5,"7":7,"8":21,"9":36,"10":6,"11":5,"12":8,"13":15,"14":18,"15":6},"b":{"0":[33,30,10,8],"1":[6,15],"2":[21,21],"3":[15,6],"4":[21,21],"5":[15,6],"6":[21,21],"7":[15,6],"8":[21,21],"9":[15,6],"10":[21,21],"11":[10,10],"12":[36,36,12,11],"13":[6,0],"14":[6,6],"15":[6,0],"16":[6,6],"17":[15,6],"18":[1,7],"19":[8,8,7],"20":[7,6],"21":[11,4],"22":[6,0],"23":[6,6]}}
,"E:\\dev\\Swim_Dashboard\\lib\\utils.ts": {"path":"E:\\dev\\Swim_Dashboard\\lib\\utils.ts","statementMap":{"0":{"start":{"line":4,"column":0},"end":{"line":4,"column":16}},"1":{"start":{"line":8,"column":0},"end":{"line":8,"column":16}},"2":{"start":{"line":14,"column":0},"end":{"line":14,"column":16}},"3":{"start":{"line":22,"column":0},"end":{"line":22,"column":16}},"4":{"start":{"line":29,"column":0},"end":{"line":29,"column":16}},"5":{"start":{"line":40,"column":0},"end":{"line":40,"column":16}},"6":{"start":{"line":51,"column":0},"end":{"line":51,"column":16}},"7":{"start":{"line":79,"column":0},"end":{"line":79,"column":16}},"8":{"start":{"line":1,"column":0},"end":{"line":1,"column":45}},"9":{"start":{"line":2,"column":0},"end":{"line":2,"column":41}},"10":{"start":{"line":5,"column":2},"end":{"line":5,"column":31}},"11":{"start":{"line":9,"column":15},"end":{"line":9,"column":39}},"12":{"start":{"line":10,"column":15},"end":{"line":10,"column":27}},"13":{"start":{"line":11,"column":2},"end":{"line":11,"column":55}},"14":{"start":{"line":15,"column":2},"end":{"line":19,"column":5}},"15":{"start":{"line":23,"column":12},"end":{"line":23,"column":29}},"16":{"start":{"line":24,"column":15},"end":{"line":24,"column":97}},"17":{"start":{"line":25,"column":15},"end":{"line":25,"column":98}},"18":{"start":{"line":26,"column":2},"end":{"line":26,"column":30}},"19":{"start":{"line":30,"column":38},"end":{"line":36,"column":4}},"20":{"start":{"line":37,"column":2},"end":{"line":37,"column":29}},"21":{"start":{"line":41,"column":38},"end":{"line":45,"column":4}},"22":{"start":{"line":46,"column":2},"end":{"line":46,"column":43}},"23":{"start":{"line":55,"column":12},"end":{"line":55,"column":57}},"24":{"start":{"line":57,"column":2},"end":{"line":59,"column":3}},"25":{"start":{"line":58,"column":4},"end":{"line":58,"column":106}},"26":{"start":{"line":60,"column":2},"end":{"line":62,"column":3}},"27":{"start":{"line":61,"column":4},"end":{"line":61,"column":105}},"28":{"start":{"line":63,"column":2},"end":{"line":65,"column":3}},"29":{"start":{"line":64,"column":4},"end":{"line":64,"column":113}},"30":{"start":{"line":66,"column":2},"end":{"line":68,"column":3}},"31":{"start":{"line":67,"column":4},"end":{"line":67,"column":98}},"32":{"start":{"line":70,"column":2},"end":{"line":72,"column":3}},"33":{"start":{"line":71,"column":4},"end":{"line":71,"column":106}},"34":{"start":{"line":73,"column":2},"end":{"line":75,"column":3}},"35":{"start":{"line":74,"column":4},"end":{"line":74,"column":98}},"36":{"start":{"line":76,"column":2},"end":{"line":76,"column":97}},"37":{"start":{"line":80,"column":38},"end":{"line":84,"column":4}},"38":{"start":{"line":85,"column":2},"end":{"line":85,"column":44}}},"fnMap":{"0":{"name":"cn","decl":{"start":{"line":4,"column":16},"end":{"line":4,"column":18}},"loc":{"start":{"line":4,"column":42},"end":{"line":6,"column":1}}},"1":{"name":"formatDuration","decl":{"start":{"line":8,"column":16},"end":{"line":8,"column":30}},"loc":{"start":{"line":8,"column":46},"end":{"line":12,"column":1}}},"2":{"name":"formatDate","decl":{"start":{"line":14,"column":16},"end":{"line":14,"column":26}},"loc":{"start":{"line":14,"column":42},"end":{"line":20,"column":1}}},"3":{"name":"formatDateTime","decl":{"start":{"line":22,"column":16},"end":{"line":22,"column":30}},"loc":{"start":{"line":22,"column":46},"end":{"line":27,"column":1}}},"4":{"name":"getStrokeEmoji","decl":{"start":{"line":29,"column":16},"end":{"line":29,"column":30}},"loc":{"start":{"line":29,"column":45},"end":{"line":38,"column":1}}},"5":{"name":"getCategoryColor","decl":{"start":{"line":40,"column":16},"end":{"line":40,"column":32}},"loc":{"start":{"line":40,"column":49},"end":{"line":47,"column":1}}},"6":{"name":"qualityTierDisplay","decl":{"start":{"line":51,"column":16},"end":{"line":51,"column":34}},"loc":{"start":{"line":53,"column":27},"end":{"line":77,"column":1}}},"7":{"name":"getCategoryBg","decl":{"start":{"line":79,"column":16},"end":{"line":79,"column":29}},"loc":{"start":{"line":79,"column":46},"end":{"line":86,"column":1}}}},"branchMap":{"0":{"loc":{"start":{"line":37,"column":9},"end":{"line":37,"column":28}},"type":"binary-expr","locations":[{"start":{"line":37,"column":9},"end":{"line":37,"column":20}},{"start":{"line":37,"column":24},"end":{"line":37,"column":28}}]},"1":{"loc":{"start":{"line":46,"column":9},"end":{"line":46,"column":42}},"type":"binary-expr","locations":[{"start":{"line":46,"column":9},"end":{"line":46,"column":22}},{"start":{"line":46,"column":26},"end":{"line":46,"column":42}}]},"2":{"loc":{"start":{"line":55,"column":13},"end":{"line":55,"column":23}},"type":"cond-expr","locations":[{"start":{"line":55,"column":13},"end":{"line":55,"column":17}},{"start":{"line":55,"column":21},"end":{"line":55,"column":23}}]},"3":{"loc":{"start":{"line":55,"column":13},"end":{"line":55,"column":21}},"type":"binary-expr","locations":[{"start":{"line":55,"column":13},"end":{"line":55,"column":21}},{"start":{"line":55,"column":13},"end":{"line":55,"column":21}}]},"4":{"loc":{"start":{"line":57,"column":2},"end":{"line":59,"column":3}},"type":"if","locations":[{"start":{"line":57,"column":2},"end":{"line":59,"column":3}},{"start":{},"end":{}}]},"5":{"loc":{"start":{"line":57,"column":6},"end":{"line":57,"column":33}},"type":"binary-expr","locations":[{"start":{"line":57,"column":6},"end":{"line":57,"column":17}},{"start":{"line":57,"column":21},"end":{"line":57,"column":33}}]},"6":{"loc":{"start":{"line":60,"column":2},"end":{"line":62,"column":3}},"type":"if","locations":[{"start":{"line":60,"column":2},"end":{"line":62,"column":3}},{"start":{},"end":{}}]},"7":{"loc":{"start":{"line":63,"column":2},"end":{"line":65,"column":3}},"type":"if","locations":[{"start":{"line":63,"column":2},"end":{"line":65,"column":3}},{"start":{},"end":{}}]},"8":{"loc":{"start":{"line":66,"column":2},"end":{"line":68,"column":3}},"type":"if","locations":[{"start":{"line":66,"column":2},"end":{"line":68,"column":3}},{"start":{},"end":{}}]},"9":{"loc":{"start":{"line":66,"column":6},"end":{"line":66,"column":49}},"type":"binary-expr","locations":[{"start":{"line":66,"column":6},"end":{"line":66,"column":18}},{"start":{"line":66,"column":22},"end":{"line":66,"column":33}},{"start":{"line":66,"column":37},"end":{"line":66,"column":49}}]},"10":{"loc":{"start":{"line":70,"column":2},"end":{"line":72,"column":3}},"type":"if","locations":[{"start":{"line":70,"column":2},"end":{"line":72,"column":3}},{"start":{},"end":{}}]},"11":{"loc":{"start":{"line":70,"column":6},"end":{"line":70,"column":26}},"type":"cond-expr","locations":[{"start":{"line":70,"column":11},"end":{"line":70,"column":13}},{"start":{"line":70,"column":6},"end":{"line":70,"column":26}}]},"12":{"loc":{"start":{"line":70,"column":6},"end":{"line":70,"column":13}},"type":"binary-expr","locations":[{"start":{"line":70,"column":6},"end":{"line":70,"column":13}},{"start":{"line":70,"column":6},"end":{"line":70,"column":13}}]},"13":{"loc":{"start":{"line":73,"column":2},"end":{"line":75,"column":3}},"type":"if","locations":[{"start":{"line":73,"column":2},"end":{"line":75,"column":3}},{"start":{},"end":{}}]},"14":{"loc":{"start":{"line":73,"column":6},"end":{"line":73,"column":26}},"type":"cond-expr","locations":[{"start":{"line":73,"column":11},"end":{"line":73,"column":13}},{"start":{"line":73,"column":6},"end":{"line":73,"column":26}}]},"15":{"loc":{"start":{"line":73,"column":6},"end":{"line":73,"column":13}},"type":"binary-expr","locations":[{"start":{"line":73,"column":6},"end":{"line":73,"column":13}},{"start":{"line":73,"column":6},"end":{"line":73,"column":13}}]},"16":{"loc":{"start":{"line":85,"column":9},"end":{"line":85,"column":43}},"type":"binary-expr","locations":[{"start":{"line":85,"column":9},"end":{"line":85,"column":22}},{"start":{"line":85,"column":26},"end":{"line":85,"column":43}}]}},"s":{"0":2,"1":2,"2":2,"3":2,"4":2,"5":2,"6":2,"7":2,"8":2,"9":2,"10":0,"11":7,"12":7,"13":7,"14":1,"15":0,"16":0,"17":0,"18":0,"19":3,"20":3,"21":4,"22":4,"23":13,"24":13,"25":3,"26":10,"27":1,"28":9,"29":3,"30":6,"31":3,"32":3,"33":1,"34":2,"35":1,"36":1,"37":2,"38":2},"f":{"0":0,"1":7,"2":1,"3":0,"4":3,"5":4,"6":13,"7":2},"b":{"0":[3,1],"1":[4,1],"2":[10,3],"3":[13,13],"4":[3,10],"5":[13,11],"6":[1,9],"7":[3,6],"8":[3,3],"9":[6,4,3],"10":[1,2],"11":[1,2],"12":[3,3],"13":[1,1],"14":[1,1],"15":[2,2],"16":[2,1]}}
}
