TN:
SF:lib\access.ts
FN:5,getSwimmerListOptions
FN:16,getSessionFilters
FN:30,canAccessSwimmer
FN:42,homePathForRole
FNF:4
FNH:4
FNDA:5,getSwimmerListOptions
FNDA:7,getSessionFilters
FNDA:8,canAccessSwimmer
FNDA:6,homePathForRole
DA:5,2
DA:6,5
DA:7,4
DA:8,1
DA:10,3
DA:11,2
DA:13,1
DA:16,2
DA:17,7
DA:18,1
DA:20,6
DA:21,5
DA:22,2
DA:24,3
DA:25,2
DA:27,1
DA:30,2
DA:31,8
DA:32,6
DA:33,4
DA:36,2
DA:37,1
DA:39,1
DA:42,2
DA:43,6
DA:44,4
LF:26
LH:26
BRDA:6,0,0,1
BRDA:6,0,1,4
BRDA:7,1,0,1
BRDA:7,1,1,3
BRDA:7,2,0,4
BRDA:7,2,1,1
BRDA:10,3,0,2
BRDA:10,3,1,1
BRDA:10,4,0,3
BRDA:10,4,1,2
BRDA:17,5,0,1
BRDA:17,5,1,6
BRDA:20,6,0,1
BRDA:20,6,1,5
BRDA:21,7,0,2
BRDA:21,7,1,3
BRDA:21,8,0,5
BRDA:21,8,1,3
BRDA:24,9,0,2
BRDA:24,9,1,1
BRDA:31,10,0,2
BRDA:31,10,1,6
BRDA:32,11,0,4
BRDA:32,11,1,2
BRDA:36,12,0,1
BRDA:36,12,1,1
BRDA:43,13,0,2
BRDA:43,13,1,4
BRDA:44,14,0,2
BRDA:44,14,1,2
BRF:30
BRH:30
end_of_record
TN:
SF:lib\stroke-scores.ts
FN:11,getStrokeScoresForSwimmer
FN:15,(anonymous_1)
FN:18,(anonymous_2)
FN:24,(anonymous_3)
FN:38,getLastSessionForSwimmer
FN:40,(anonymous_5)
FN:41,(anonymous_6)
FN:55,getPersonalBestPerStroke
FN:59,(anonymous_8)
FN:62,(anonymous_9)
FN:68,(anonymous_10)
FN:90,getMonthlyStrokeStats
FN:98,(anonymous_12)
FN:104,(anonymous_13)
FN:105,(anonymous_14)
FN:107,(anonymous_15)
FNF:16
FNH:16
FNDA:7,getStrokeScoresForSwimmer
FNDA:21,(anonymous_1)
FNDA:33,(anonymous_2)
FNDA:2,(anonymous_3)
FNDA:5,getLastSessionForSwimmer
FNDA:10,(anonymous_5)
FNDA:5,(anonymous_6)
FNDA:7,getPersonalBestPerStroke
FNDA:21,(anonymous_8)
FNDA:36,(anonymous_9)
FNDA:6,(anonymous_10)
FNDA:5,getMonthlyStrokeStats
FNDA:8,(anonymous_12)
FNDA:15,(anonymous_13)
FNDA:18,(anonymous_14)
FNDA:6,(anonymous_15)
DA:4,2
DA:11,2
DA:15,7
DA:16,21
DA:19,33
DA:24,2
DA:26,21
DA:28,21
DA:38,2
DA:39,5
DA:40,10
DA:41,5
DA:55,2
DA:59,7
DA:60,21
DA:63,36
DA:68,6
DA:70,21
DA:71,6
DA:90,2
DA:94,5
DA:95,5
DA:96,5
DA:98,5
DA:99,8
DA:100,7
DA:101,7
DA:104,5
DA:105,18
DA:106,15
DA:107,6
DA:108,4
LF:32
LH:32
BRDA:19,0,0,33
BRDA:19,0,1,30
BRDA:19,0,2,10
BRDA:19,0,3,8
BRDA:30,1,0,6
BRDA:30,1,1,15
BRDA:30,2,0,21
BRDA:30,2,1,21
BRDA:30,3,0,15
BRDA:30,3,1,6
BRDA:30,4,0,21
BRDA:30,4,1,21
BRDA:31,5,0,15
BRDA:31,5,1,6
BRDA:31,6,0,21
BRDA:31,6,1,21
BRDA:32,7,0,15
BRDA:32,7,1,6
BRDA:32,8,0,21
BRDA:32,8,1,21
BRDA:33,9,0,15
BRDA:33,9,1,6
BRDA:33,10,0,21
BRDA:33,10,1,21
BRDA:40,11,0,10
BRDA:40,11,1,10
BRDA:63,12,0,36
BRDA:63,12,1,36
BRDA:63,12,2,12
BRDA:63,12,3,11
BRDA:68,13,0,6
BRDA:68,13,1,0
BRDA:68,14,0,6
BRDA:68,14,1,6
BRDA:68,15,0,6
BRDA:68,15,1,0
BRDA:68,16,0,6
BRDA:68,16,1,6
BRDA:70,17,0,15
BRDA:70,17,1,6
BRDA:99,18,0,1
BRDA:99,18,1,7
BRDA:99,19,0,8
BRDA:99,19,1,8
BRDA:99,19,2,7
BRDA:101,20,0,7
BRDA:101,20,1,6
BRDA:106,21,0,11
BRDA:106,21,1,4
BRDA:107,22,0,6
BRDA:107,22,1,0
BRDA:107,23,0,6
BRDA:107,23,1,6
BRF:53
BRH:50
end_of_record
TN:
SF:lib\utils.ts
FN:4,cn
FN:8,formatDuration
FN:14,formatDate
FN:22,formatDateTime
FN:29,getStrokeEmoji
FN:40,getCategoryColor
FN:51,qualityTierDisplay
FN:79,getCategoryBg
FNF:8
FNH:6
FNDA:0,cn
FNDA:7,formatDuration
FNDA:1,formatDate
FNDA:0,formatDateTime
FNDA:3,getStrokeEmoji
FNDA:4,getCategoryColor
FNDA:13,qualityTierDisplay
FNDA:2,getCategoryBg
DA:1,2
DA:2,2
DA:4,2
DA:5,0
DA:8,2
DA:9,7
DA:10,7
DA:11,7
DA:14,2
DA:15,1
DA:22,2
DA:23,0
DA:24,0
DA:25,0
DA:26,0
DA:29,2
DA:30,3
DA:37,3
DA:40,2
DA:41,4
DA:46,4
DA:51,2
DA:55,13
DA:57,13
DA:58,3
DA:60,10
DA:61,1
DA:63,9
DA:64,3
DA:66,6
DA:67,3
DA:70,3
DA:71,1
DA:73,2
DA:74,1
DA:76,1
DA:79,2
DA:80,2
DA:85,2
LF:39
LH:34
BRDA:37,0,0,3
BRDA:37,0,1,1
BRDA:46,1,0,4
BRDA:46,1,1,1
BRDA:55,2,0,10
BRDA:55,2,1,3
BRDA:55,3,0,13
BRDA:55,3,1,13
BRDA:57,4,0,3
BRDA:57,4,1,10
BRDA:57,5,0,13
BRDA:57,5,1,11
BRDA:60,6,0,1
BRDA:60,6,1,9
BRDA:63,7,0,3
BRDA:63,7,1,6
BRDA:66,8,0,3
BRDA:66,8,1,3
BRDA:66,9,0,6
BRDA:66,9,1,4
BRDA:66,9,2,3
BRDA:70,10,0,1
BRDA:70,10,1,2
BRDA:70,11,0,1
BRDA:70,11,1,2
BRDA:70,12,0,3
BRDA:70,12,1,3
BRDA:73,13,0,1
BRDA:73,13,1,1
BRDA:73,14,0,1
BRDA:73,14,1,1
BRDA:73,15,0,2
BRDA:73,15,1,2
BRDA:85,16,0,2
BRDA:85,16,1,1
BRF:35
BRH:35
end_of_record
